<?xml version="1.0" encoding="UTF-8"?>
<!-- Generated by org.testng.reporters.JUnitReportReporter -->
<testsuite hostname="DESKTOP-VC088CJ" failures="0" tests="1" name="com.eComm.Runner.RunnerClass" time="6.369" errors="0" timestamp="19 Jun 2022 14:36:17 GMT">
  <testcase classname="com.eComm.Runner.RunnerClass" name="feature" time="6.369"/>
</testsuite> <!-- com.eComm.Runner.RunnerClass -->
